<?xml version="1.0" encoding="UTF-8"?>
<!-- Generated by org.testng.reporters.JUnitXMLReporter -->
<testsuite hostname="SHAMUN28" failures="0" tests="1" name="test-1" time="8.926" errors="0" timestamp="20 Aug 2025 10:54:26 GMT">
  <testcase classname="com.webOrders.test.WebOrder_Order_Test" name="createAndVerifyOrder" time="0.008">
    <skipped/>
  </testcase> <!-- createAndVerifyOrder -->
</testsuite> <!-- test-1 -->
