<?xml version="1.0" encoding="UTF-8"?>
<!-- Generated by org.testng.reporters.JUnitXMLReporter -->
<testsuite hostname="IBM-PF32PSLW" failures="0" tests="3" name="test-1" time="35.796" errors="0" timestamp="2 Sep 2025 06:26:47 GMT">
  <testcase classname="com.webOrders.test.WebOrders_Login" name="loginTest" time="7.959"/>
  <testcase classname="com.webOrders.test.WebOrders_Login" name="urlTest" time="9.246"/>
  <testcase classname="com.webOrders.test.WebOrders_Login" name="verifyText" time="8.984"/>
</testsuite> <!-- test-1 -->
