<?xml version="1.0" encoding="UTF-8"?>
<!-- Generated by org.testng.reporters.JUnitXMLReporter -->
<testsuite hostname="IBM-PF32PSLW" failures="0" tests="3" name="test-1" time="43.942" errors="0" timestamp="1 Sep 2025 16:24:13 GMT">
  <testcase classname="com.webOrders.test.WebOrders_Login" name="loginTest" time="10.65"/>
  <testcase classname="com.webOrders.test.WebOrders_Login" name="urlTest" time="10.04"/>
  <testcase classname="com.webOrders.test.WebOrders_Login" name="verifyText" time="10.347"/>
</testsuite> <!-- test-1 -->
