<?xml version="1.0" encoding="UTF-8"?>
<!-- Generated by org.testng.reporters.JUnitReportReporter -->
<testsuite hostname="IBM-PF32PSLW" failures="0" tests="3" name="com.webOrders.test.WebOrders_Login" time="31.061" errors="0" timestamp="1 Sep 2025 16:24:13 GMT">
  <testcase classname="com.webOrders.test.WebOrders_Login" name="urlTest" time="10.041"/>
  <testcase classname="com.webOrders.test.WebOrders_Login" name="loginTest" time="10.672"/>
  <testcase classname="com.webOrders.test.WebOrders_Login" name="verifyText" time="10.348"/>
</testsuite> <!-- com.webOrders.test.WebOrders_Login -->
