<?xml version="1.0" encoding="UTF-8"?>
<!-- Generated by org.testng.reporters.JUnitReportReporter -->
<testsuite hostname="SHAMUN28" failures="0" tests="15" name="com.webOrders.test.WebOrder_Order_Test" time="102.089" errors="0" timestamp="2025-08-20T16:39:30 IST" skipped="1">
  <testcase classname="com.webOrders.test.WebOrder_Order_Test" name="createAndVerifyOrder" time="8.660"/>
  <testcase classname="com.webOrders.test.WebOrder_Order_Test" name="createAndVerifyOrder" time="5.825"/>
  <testcase classname="com.webOrders.test.WebOrder_Order_Test" name="createAndVerifyOrder" time="6.097"/>
  <testcase classname="com.webOrders.test.WebOrder_Order_Test" name="createAndVerifyOrder" time="6.148"/>
  <testcase classname="com.webOrders.test.WebOrder_Order_Test" name="createAndVerifyOrder" time="6.020"/>
  <testcase classname="com.webOrders.test.WebOrder_Order_Test" name="createAndVerifyOrder" time="6.040"/>
  <testcase classname="com.webOrders.test.WebOrder_Order_Test" name="createAndVerifyOrder" time="16.304"/>
  <testcase classname="com.webOrders.test.WebOrder_Order_Test" name="createAndVerifyOrder" time="6.145"/>
  <testcase classname="com.webOrders.test.WebOrder_Order_Test" name="createAndVerifyOrder" time="6.449"/>
  <testcase classname="com.webOrders.test.WebOrder_Order_Test" name="createAndVerifyOrder" time="5.816"/>
  <testcase classname="com.webOrders.test.WebOrder_Order_Test" name="createAndVerifyOrder" time="9.724"/>
  <testcase classname="com.webOrders.test.WebOrder_Order_Test" name="createAndVerifyOrder" time="6.426"/>
  <testcase classname="com.webOrders.test.WebOrder_Order_Test" name="createAndVerifyOrder" time="6.247"/>
  <testcase classname="com.webOrders.test.WebOrder_Order_Test" name="createAndVerifyOrder" time="6.188"/>
  <testcase classname="com.webOrders.test.WebOrder_Order_Test" name="verifyCheckAll">
    <skipped/>
  </testcase> <!-- verifyCheckAll -->
</testsuite> <!-- com.webOrders.test.WebOrder_Order_Test -->
