<?xml version="1.0" encoding="UTF-8"?>
<!-- Generated by org.testng.reporters.JUnitReportReporter -->
<testsuite hostname="IBM-PF32PSLW" failures="0" tests="3" name="com.webOrders.test.WebOrders_Login" time="26.210" errors="0" timestamp="2 Sep 2025 06:26:47 GMT">
  <testcase classname="com.webOrders.test.WebOrders_Login" name="urlTest" time="9.246"/>
  <testcase classname="com.webOrders.test.WebOrders_Login" name="verifyText" time="9.004"/>
  <testcase classname="com.webOrders.test.WebOrders_Login" name="loginTest" time="7.960"/>
</testsuite> <!-- com.webOrders.test.WebOrders_Login -->
